[debug] [2023-06-18T08:30:49.669Z] ----------------------------------------------------------------------
[debug] [2023-06-18T08:30:49.671Z] Command:       C:\Program Files\nodejs\node.exe C:\Program Files\nodejs\node_modules\firebase-tools\lib\bin\firebase.js init
[debug] [2023-06-18T08:30:49.672Z] CLI Version:   12.4.0
[debug] [2023-06-18T08:30:49.672Z] Platform:      win32
[debug] [2023-06-18T08:30:49.672Z] Node Version:  v16.15.1
[debug] [2023-06-18T08:30:49.673Z] Time:          Sun Jun 18 2023 14:00:49 GMT+0530 (India Standard Time)
[debug] [2023-06-18T08:30:49.673Z] ----------------------------------------------------------------------
[debug] 
[debug] [2023-06-18T08:30:49.681Z] > command requires scopes: ["email","openid","https://www.googleapis.com/auth/cloudplatformprojects.readonly","https://www.googleapis.com/auth/firebase","https://www.googleapis.com/auth/cloud-platform"]
[debug] [2023-06-18T08:30:49.682Z] > authorizing via signed-in user (abhinayaman94@gmail.com)
[info] 
     ######## #### ########  ######## ########     ###     ######  ########
     ##        ##  ##     ## ##       ##     ##  ##   ##  ##       ##
     ######    ##  ########  ######   ########  #########  ######  ######
     ##        ##  ##    ##  ##       ##     ## ##     ##       ## ##
     ##       #### ##     ## ######## ########  ##     ##  ######  ########

You're about to initialize a Firebase project in this directory:

  C:\Users\abhin\Desktop\React_Project\netflix-clone-by-abhinay

[info] 
=== Project Setup
[info] 
[info] First, let's associate this project directory with a Firebase project.
[info] You can create multiple project aliases by running firebase use --add, 
[info] but for now we'll just set up a default project.
[info] 
[debug] [2023-06-18T08:31:30.780Z] >>> [apiv2][query] GET https://firebase.googleapis.com/v1beta1/projects pageSize=100
[debug] [2023-06-18T08:31:31.895Z] <<< [apiv2][status] GET https://firebase.googleapis.com/v1beta1/projects 200
[debug] [2023-06-18T08:31:31.895Z] <<< [apiv2][body] GET https://firebase.googleapis.com/v1beta1/projects [omitted]
[info] i  Using project clone-by--abhinay (Amazon-clone-by -Abhinay) 
[info] 
=== Database Setup
[info] i  database: ensuring required API firebasedatabase.googleapis.com is enabled... 
[debug] [2023-06-18T08:31:34.050Z] >>> [apiv2][query] GET https://serviceusage.googleapis.com/v1/projects/clone-by--abhinay/services/firebasedatabase.googleapis.com [none]
[debug] [2023-06-18T08:31:34.050Z] >>> [apiv2][(partial)header] GET https://serviceusage.googleapis.com/v1/projects/clone-by--abhinay/services/firebasedatabase.googleapis.com x-goog-quota-user=projects/clone-by--abhinay
[debug] [2023-06-18T08:31:36.449Z] <<< [apiv2][status] GET https://serviceusage.googleapis.com/v1/projects/clone-by--abhinay/services/firebasedatabase.googleapis.com 200
[debug] [2023-06-18T08:31:36.450Z] <<< [apiv2][body] GET https://serviceusage.googleapis.com/v1/projects/clone-by--abhinay/services/firebasedatabase.googleapis.com [omitted]
[warn] !  database: missing required API firebasedatabase.googleapis.com. Enabling now... 
[debug] [2023-06-18T08:31:36.455Z] >>> [apiv2][query] POST https://serviceusage.googleapis.com/v1/projects/clone-by--abhinay/services/firebasedatabase.googleapis.com:enable [none]
[debug] [2023-06-18T08:31:36.455Z] >>> [apiv2][(partial)header] POST https://serviceusage.googleapis.com/v1/projects/clone-by--abhinay/services/firebasedatabase.googleapis.com:enable x-goog-quota-user=projects/clone-by--abhinay
[debug] [2023-06-18T08:31:38.839Z] <<< [apiv2][status] POST https://serviceusage.googleapis.com/v1/projects/clone-by--abhinay/services/firebasedatabase.googleapis.com:enable 200
[debug] [2023-06-18T08:31:38.844Z] <<< [apiv2][body] POST https://serviceusage.googleapis.com/v1/projects/clone-by--abhinay/services/firebasedatabase.googleapis.com:enable [omitted]
[debug] [2023-06-18T08:31:48.854Z] >>> [apiv2][query] GET https://serviceusage.googleapis.com/v1/projects/clone-by--abhinay/services/firebasedatabase.googleapis.com [none]
[debug] [2023-06-18T08:31:48.857Z] >>> [apiv2][(partial)header] GET https://serviceusage.googleapis.com/v1/projects/clone-by--abhinay/services/firebasedatabase.googleapis.com x-goog-quota-user=projects/clone-by--abhinay
[debug] [2023-06-18T08:31:51.052Z] <<< [apiv2][status] GET https://serviceusage.googleapis.com/v1/projects/clone-by--abhinay/services/firebasedatabase.googleapis.com 200
[debug] [2023-06-18T08:31:51.053Z] <<< [apiv2][body] GET https://serviceusage.googleapis.com/v1/projects/clone-by--abhinay/services/firebasedatabase.googleapis.com [omitted]
[info] +  database: required API firebasedatabase.googleapis.com is enabled 
[info] 
[debug] [2023-06-18T08:31:51.071Z] >>> [apiv2][query] GET https://firebase.googleapis.com/v1beta1/projects/clone-by--abhinay [none]
[debug] [2023-06-18T08:31:51.730Z] <<< [apiv2][status] GET https://firebase.googleapis.com/v1beta1/projects/clone-by--abhinay 200
[debug] [2023-06-18T08:31:51.730Z] <<< [apiv2][body] GET https://firebase.googleapis.com/v1beta1/projects/clone-by--abhinay {"projectId":"clone-by--abhinay","projectNumber":"1085822432074","displayName":"Amazon-clone-by -Abhinay","name":"projects/clone-by--abhinay","resources":{"hostingSite":"clone-by--abhinay"},"state":"ACTIVE","etag":"1_66760da9-1210-4f93-8f9c-fd753a9b122b"}
